<?xml version="1.0" encoding="UTF-8"?>
<!-- Generated by org.testng.reporters.JUnitReportReporter -->
<testsuite hostname="Elisha_Goura" failures="0" tests="1" name="testCases.GroupsTC001_AccRegistrationTest" time="2.156" errors="0" timestamp="2025-01-23T13:21:32 IST" skipped="0">
  <testcase classname="testCases.GroupsTC001_AccRegistrationTest" name="verify_account_registration" time="2.156"/>
</testsuite> <!-- testCases.GroupsTC001_AccRegistrationTest -->
