<?xml version="1.0" encoding="UTF-8"?>
<!-- Generated by org.testng.reporters.JUnitReportReporter -->
<testsuite hostname="Elisha_Goura" failures="0" tests="1" name="testCases.GroupsTC002_LoginTest" time="1.483" errors="0" timestamp="2025-01-23T13:21:32 IST" skipped="0">
  <testcase classname="testCases.GroupsTC002_LoginTest" name="verify_login" time="1.483"/>
</testsuite> <!-- testCases.GroupsTC002_LoginTest -->
